<?xml version="1.0" encoding="UTF-8"?>
<!-- Generated by org.testng.reporters.JUnitReportReporter -->
<testsuite skipped="0" hostname="DESKTOP-7JC07T0" name="com.qa.blazedemo.test.HomePageTest" tests="3" failures="0" timestamp="10 Sep 2020 10:46:00 GMT" time="1.861" errors="0">
  <testcase name="verifyPageTitleTest" time="0.024" classname="com.qa.blazedemo.test.HomePageTest"/>
  <testcase name="verifyHomePageTitleTest" time="0.038" classname="com.qa.blazedemo.test.HomePageTest"/>
  <testcase name="verifyFindFlightsTest" time="1.799" classname="com.qa.blazedemo.test.HomePageTest"/>
</testsuite> <!-- com.qa.blazedemo.test.HomePageTest -->
