<?xml version="1.0" encoding="UTF-8"?>
<!-- Generated by org.testng.reporters.JUnitReportReporter -->
<testsuite skipped="0" hostname="DESKTOP-7JC07T0" name="com.qa.blazedemo.test.FlightPageTest" tests="6" failures="0" timestamp="10 Sep 2020 10:46:00 GMT" time="7.203" errors="0">
  <testcase name="verifyPageTitleTest" time="0.076" classname="com.qa.blazedemo.test.FlightPageTest"/>
  <testcase name="verifySelectFlightTest" time="5.241" classname="com.qa.blazedemo.test.FlightPageTest"/>
  <testcase name="verifyflightBookingHeaderTextTest" time="0.042" classname="com.qa.blazedemo.test.FlightPageTest"/>
  <testcase name="verifyflightBookingTest" time="1.788" classname="com.qa.blazedemo.test.FlightPageTest"/>
  <testcase name="verifyBookingConfirmationTest" time="0.037" classname="com.qa.blazedemo.test.FlightPageTest"/>
  <testcase name="verifyBookingIdTest" time="0.019" classname="com.qa.blazedemo.test.FlightPageTest"/>
</testsuite> <!-- com.qa.blazedemo.test.FlightPageTest -->
